23:43:07.760 [INFO ] [console] - About to process 134629 pages from DB
23:43:09.426 [INFO ] [duplogger] - Duplicate: [http://www.ics.uci.edu/about/bren/]
23:43:09.703 [INFO ] [duplogger] - Duplicate: [http://www.ics.uci.edu/community/events/competition/index.php]
23:43:09.711 [INFO ] [duplogger] - Duplicate: [http://www.ics.uci.edu/community/events/butterworth/index.php]
23:43:09.720 [INFO ] [duplogger] - Duplicate: [http://www.ics.uci.edu/about/brenhall/]
23:43:09.755 [INFO ] [duplogger] - Duplicate: [http://www.ics.uci.edu/about/visit/]
23:43:09.870 [INFO ] [duplogger] - Duplicate: [http://www.ics.uci.edu/about/videos/]
23:43:09.956 [INFO ] [duplogger] - Duplicate: [http://www.ics.uci.edu/community/news/features/]
23:43:10.113 [INFO ] [duplogger] - Duplicate: [http://www.ics.uci.edu/community/scholarships/index.php]
23:43:10.159 [INFO ] [duplogger] - Duplicate: [http://www.ics.uci.edu/community/news/notes/]
23:43:10.187 [INFO ] [duplogger] - Duplicate: [http://www.ics.uci.edu/~wics/index.html]
23:43:10.270 [INFO ] [duplogger] - Duplicate: [http://www.ics.uci.edu/community/news/rss/]
23:43:10.373 [INFO ] [duplogger] - Duplicate: [http://www.ics.uci.edu/community/news/press/]
23:43:10.404 [INFO ] [duplogger] - Duplicate: [http://www.ics.uci.edu/ugrad/honors/]
23:43:10.673 [INFO ] [duplogger] - Duplicate: [http://www.ics.uci.edu/grad/]
23:43:10.733 [INFO ] [duplogger] - Duplicate: [http://www.ics.uci.edu/community/news/notes/index.php]
23:43:10.738 [INFO ] [duplogger] - Duplicate: [http://graphics.ics.uci.edu/]
23:43:10.761 [INFO ] [duplogger] - Duplicate: [http://asterix.ics.uci.edu/index.html]
23:43:10.761 [INFO ] [duplogger] - Duplicate: [http://www.ics.uci.edu/~eli/index_files/item0008.xml]
23:43:10.792 [INFO ] [duplogger] - Duplicate: [http://www.ics.uci.edu/community/news/spotlight/index.php]
23:43:10.856 [INFO ] [duplogger] - Duplicate: [http://www.ics.uci.edu/~eli/index_files/colorschememapping.xml]
23:43:10.863 [INFO ] [duplogger] - Duplicate: [http://www.ics.uci.edu/grad/admissions/]
23:43:10.931 [INFO ] [duplogger] - Duplicate: [http://www.ics.uci.edu/faculty/profiles/]
23:43:10.937 [INFO ] [duplogger] - Duplicate: [https://intranet.ics.uci.edu/index.phtml?state__=wcapp.help%2F%2F1391676837%2F%2F%2F%2F%2F%26b386abde94ae03e41e81c7cb22fcc29e&topic=%3CBIG%3EPlease%2Blogin%21%3C%2FBIG%3E%0A]
23:43:10.938 [INFO ] [duplogger] - Duplicate: [http://www.ics.uci.edu/ugrad/ambassadors/]
23:43:10.948 [INFO ] [duplogger] - Duplicate: [http://www.ics.uci.edu/faculty/area/index.php]
23:43:10.969 [INFO ] [duplogger] - Duplicate: [http://www.ics.uci.edu/~gmark/]
23:43:10.987 [INFO ] [duplogger] - Duplicate: [http://www.ics.uci.edu/grad/funding/]
23:43:10.988 [INFO ] [duplogger] - Duplicate: [http://www.ics.uci.edu/faculty/highlights/index.php]
23:43:10.992 [INFO ] [duplogger] - Duplicate: [http://www.ics.uci.edu/grad/qa/]
23:43:10.998 [INFO ] [duplogger] - Duplicate: [https://gats.ics.uci.edu/tracker/index.php]
23:43:10.999 [INFO ] [duplogger] - Duplicate: [http://sconce.ics.uci.edu/]
23:43:11.008 [INFO ] [duplogger] - Duplicate: [http://www.ics.uci.edu/grad/courses/]
23:43:11.011 [INFO ] [duplogger] - Duplicate: [http://www.ics.uci.edu/community/news/spotlight/spotlight_kff_innovation_lab.php]
23:43:11.021 [INFO ] [duplogger] - Duplicate: [http://www.ics.uci.edu/community/alumni/stayconnected/]
23:43:11.022 [INFO ] [duplogger] - Duplicate: [http://www.ics.uci.edu/~kobsa/]
23:43:11.026 [INFO ] [duplogger] - Duplicate: [http://www.ics.uci.edu/grad/policies/]
23:43:11.029 [INFO ] [duplogger] - Duplicate: [http://www.ics.uci.edu/community/news/spotlight/spotlight_medappjam_2012.php]
23:43:11.037 [INFO ] [duplogger] - Duplicate: [http://www.ics.uci.edu/~dgillen/]
23:43:11.045 [INFO ] [duplogger] - Duplicate: [http://www.ics.uci.edu/~mjcarey/]
23:43:11.046 [INFO ] [duplogger] - Duplicate: [https://intranet.ics.uci.edu/index.phtml?state__=wcapp.help%2F%2F1391676851%2F%2F%2F%2F%2F%266e238f90f1f2d7a6462838a022c6802a&topic=%3CBIG%3EPlease%2Blogin%21%3C%2FBIG%3E%0A]
23:43:11.058 [INFO ] [duplogger] - Duplicate: [http://www.ics.uci.edu/grad/sao/]
23:43:11.118 [INFO ] [duplogger] - Duplicate: [http://radicle.ics.uci.edu/links_files/filelist.xml]
23:43:11.125 [INFO ] [duplogger] - Duplicate: [http://www.ics.uci.edu/ugrad/]
23:43:11.126 [INFO ] [duplogger] - Duplicate: [http://radicle.ics.uci.edu/links_files/themedata.thmx]
23:43:11.208 [INFO ] [duplogger] - Duplicate: [http://radicle.ics.uci.edu/links_files/colorschememapping.xml]
23:43:11.284 [INFO ] [duplogger] - Duplicate: [http://radicle.ics.uci.edu/index.html]
23:43:11.297 [INFO ] [duplogger] - Duplicate: [http://www.ics.uci.edu/~harris/index.html]
23:43:11.346 [INFO ] [duplogger] - Duplicate: [http://www.ics.uci.edu/ugrad/courses/]
23:43:11.370 [INFO ] [duplogger] - Duplicate: [http://asterixdb.ics.uci.edu/]
23:43:11.387 [INFO ] [duplogger] - Duplicate: [http://calendar.ics.uci.edu/]
23:43:11.400 [INFO ] [duplogger] - Duplicate: [http://www.ics.uci.edu/ugrad/sao/]
23:43:11.459 [INFO ] [duplogger] - Duplicate: [http://www.ics.uci.edu/~lab/lab_schedule/]
23:43:11.499 [INFO ] [duplogger] - Duplicate: [http://www.ics.uci.edu/grad/profiles/]
23:43:11.525 [INFO ] [duplogger] - Duplicate: [http://www.ics.uci.edu/~lab/lab_schedule/schedules/183.html]
23:43:11.565 [INFO ] [duplogger] - Duplicate: [http://graphics.ics.uci.edu/drupal/front]
23:43:11.623 [INFO ] [duplogger] - Duplicate: [http://www.ics.uci.edu/faculty/centers/index.php]
23:43:11.652 [INFO ] [duplogger] - Duplicate: [http://www.ics.uci.edu/~lab/lab_schedule/schedules/189.html]
23:43:11.657 [INFO ] [duplogger] - Duplicate: [http://www.ics.uci.edu/community/news/spotlight/spotlight_appjam.php]
23:43:11.688 [INFO ] [duplogger] - Duplicate: [http://www.ics.uci.edu/~lab/policies/index.php]
23:43:11.700 [INFO ] [duplogger] - Duplicate: [http://www.ics.uci.edu/ugrad/qa/]
23:43:11.702 [INFO ] [duplogger] - Duplicate: [http://www.ics.uci.edu/~givargis/]
23:43:11.715 [INFO ] [duplogger] - Duplicate: [http://www.ics.uci.edu/~lab/lab_schedule/schedules/192.html]
23:43:11.724 [INFO ] [duplogger] - Duplicate: [http://www.ics.uci.edu/%7epeer/]
23:43:11.741 [INFO ] [duplogger] - Duplicate: [http://www.ics.uci.edu/grad/degrees/]
23:43:11.750 [INFO ] [duplogger] - Duplicate: [http://www.ics.uci.edu/ugrad/financial/]
23:43:11.764 [INFO ] [duplogger] - Duplicate: [http://hombao.ics.uci.edu/?s=overview]
23:43:11.780 [INFO ] [duplogger] - Duplicate: [http://www.ics.uci.edu/~rares/]
23:43:11.795 [INFO ] [duplogger] - Duplicate: [http://www.ics.uci.edu/ugrad/policies/]
23:43:11.796 [INFO ] [duplogger] - Duplicate: [http://graphics.ics.uci.edu/I3D2012/index.php]
23:43:11.811 [INFO ] [duplogger] - Duplicate: [http://hombao.ics.uci.edu/?s=projects]
23:43:11.848 [INFO ] [duplogger] - Duplicate: [http://www.ics.uci.edu/~mlevorat/index.html]
23:43:11.856 [INFO ] [duplogger] - Duplicate: [http://www.ics.uci.edu/%7elab/lab_schedule/index.php]
23:43:11.872 [INFO ] [duplogger] - Duplicate: [http://hombao.ics.uci.edu/?s=education]
23:43:11.898 [INFO ] [duplogger] - Duplicate: [http://www.ics.uci.edu/%7elab/labs_specs/index.php]
23:43:11.911 [INFO ] [duplogger] - Duplicate: [http://www.ics.uci.edu/~dechter/index.html]
23:43:11.913 [INFO ] [duplogger] - Duplicate: [http://hombao.ics.uci.edu/?s=courses]
23:43:11.917 [INFO ] [duplogger] - Duplicate: [http://www.ics.uci.edu/about/kfflab/]
23:43:11.921 [INFO ] [duplogger] - Duplicate: [http://www.ics.uci.edu/%7elab/students/index.php]
23:43:11.930 [INFO ] [duplogger] - Duplicate: [http://www.ics.uci.edu/~lab/lab_assistants/]
23:43:11.933 [INFO ] [duplogger] - Duplicate: [http://www.ics.uci.edu/ugrad/resources/index.php]
23:43:11.935 [INFO ] [duplogger] - Duplicate: [http://hombao.ics.uci.edu/?s=journal]
23:43:11.974 [INFO ] [duplogger] - Duplicate: [http://hombao.ics.uci.edu/?s=opportunities]
23:43:12.013 [INFO ] [duplogger] - Duplicate: [http://hombao.ics.uci.edu/?s=news_and_events]
23:43:12.080 [INFO ] [duplogger] - Duplicate: [http://www.ics.uci.edu/~theory/]
23:43:12.124 [INFO ] [duplogger] - Duplicate: [http://isg.ics.uci.edu/index.html]
23:43:12.177 [INFO ] [duplogger] - Duplicate: [http://www.ics.uci.edu/ugrad/degrees/]
23:43:12.189 [INFO ] [duplogger] - Duplicate: [http://www.ics.uci.edu/~mjcarey/index.html]
23:43:12.359 [INFO ] [duplogger] - Duplicate: [http://www.ics.uci.edu/community/news/articles/]
23:43:12.422 [INFO ] [duplogger] - Duplicate: [http://se.ics.uci.edu/]
23:43:12.425 [INFO ] [duplogger] - Duplicate: [http://www.ics.uci.edu/~mjcarey/MJCarey_Professional_Activities.html]
23:43:12.444 [INFO ] [duplogger] - Duplicate: [http://www.ics.uci.edu/ugrad/life/]
23:43:12.445 [INFO ] [duplogger] - Duplicate: [http://www.ics.uci.edu/~djr/]
23:43:12.446 [INFO ] [duplogger] - Duplicate: [http://www.ics.uci.edu/~mjcarey/MJCarey_PhD_Students_Supervised.html]
23:43:12.466 [INFO ] [duplogger] - Duplicate: [http://www.ics.uci.edu/~babaks/]
23:43:12.503 [INFO ] [duplogger] - Duplicate: [http://www.ics.uci.edu/community/icsjobs/]
23:43:12.515 [INFO ] [duplogger] - Duplicate: [http://www.ics.uci.edu/~lab/labs_specs/]
23:43:12.526 [INFO ] [duplogger] - Duplicate: [http://www.ics.uci.edu/~theory/doctorates.html]
23:43:12.613 [INFO ] [duplogger] - Duplicate: [http://www.ics.uci.edu/~lab/labs_specs/software.php]
23:43:12.616 [INFO ] [duplogger] - Duplicate: [https://intranet.ics.uci.edu/index.phtml?state__=wcapp.help%2F%2F1391676896%2F%2F%2F%2F%2F%26d3fa3746d80f3d56479a5f1963cf3789&topic=%3CBIG%3EPlease%2Blogin%21%3C%2FBIG%3E%0A]
23:43:12.618 [INFO ] [duplogger] - Duplicate: [http://www.ics.uci.edu/~mjcarey/MJCarey_Prior_Research_Funding.html]
23:43:12.619 [INFO ] [duplogger] - Duplicate: [http://www.ics.uci.edu/~theory/research.html]
23:43:12.628 [INFO ] [duplogger] - Duplicate: [http://www.ics.uci.edu/~lab/faculties/]
23:43:12.629 [INFO ] [duplogger] - Duplicate: [http://www.ics.uci.edu/~lab/lab_schedule/schedules/183_files/filelist.xml]
23:43:12.633 [INFO ] [duplogger] - Duplicate: [http://www.ics.uci.edu/~mjcarey/MJCarey_Honors.html]
23:43:12.655 [INFO ] [duplogger] - Duplicate: [http://www.ics.uci.edu/~lab/labs_specs/hardware.php]
23:43:12.667 [INFO ] [duplogger] - Duplicate: [http://www.ics.uci.edu/~mjcarey/MJCarey_Patents.html]
23:43:12.668 [INFO ] [duplogger] - Duplicate: [http://www.ics.uci.edu/~mjcarey/MJCarey_Invited_Lectures.html]
23:43:12.670 [INFO ] [duplogger] - Duplicate: [http://www.ics.uci.edu/~mjcarey/MJCarey_Contact.html]
23:43:12.685 [INFO ] [duplogger] - Duplicate: [http://www.ics.uci.edu/community/alumni/]
23:43:12.718 [INFO ] [duplogger] - Duplicate: [http://www.ics.uci.edu/~lab/students/]
23:43:12.768 [INFO ] [duplogger] - Duplicate: [http://cert.ics.uci.edu/index.html]
23:43:12.769 [INFO ] [duplogger] - Duplicate: [https://www.ics.uci.edu/]
23:43:12.771 [INFO ] [duplogger] - Duplicate: [https://www.ics.uci.edu/about/equity/]
23:43:12.781 [INFO ] [duplogger] - Duplicate: [http://www.ics.uci.edu/~lab/students/acct_activate.php]
23:43:12.784 [INFO ] [duplogger] - Duplicate: [http://www.ics.uci.edu/community/friends/]
23:43:12.785 [INFO ] [duplogger] - Duplicate: [https://www.ics.uci.edu/dept/]
23:43:12.791 [INFO ] [duplogger] - Duplicate: [http://www.ics.uci.edu/~lab/lab_schedule/schedules/183_files/sheet006.html]
23:43:12.821 [INFO ] [duplogger] - Duplicate: [http://www.ics.uci.edu/community/friends/leadershipcouncil/]
23:43:12.825 [INFO ] [duplogger] - Duplicate: [http://www.ics.uci.edu/~lab/policies/labguidelines.php]
23:43:12.833 [INFO ] [duplogger] - Duplicate: [https://www.ics.uci.edu/about/]
23:43:12.842 [INFO ] [duplogger] - Duplicate: [http://www.ics.uci.edu/~lab/students/printing.php]
23:43:12.855 [INFO ] [duplogger] - Duplicate: [http://www.ics.uci.edu/community/news/]
23:43:12.859 [INFO ] [duplogger] - Duplicate: [https://www.ics.uci.edu/faculty/area/]
23:43:12.866 [INFO ] [duplogger] - Duplicate: [http://www.ics.uci.edu/~eli/pub_files/filelist.xml]
23:43:12.866 [INFO ] [duplogger] - Duplicate: [http://www.ics.uci.edu/~eli/pub_files/themedata.thmx]
23:43:12.871 [INFO ] [duplogger] - Duplicate: [http://www.ics.uci.edu/~eli/pub_files/colorschememapping.xml]
23:43:12.880 [INFO ] [duplogger] - Duplicate: [https://www.ics.uci.edu/about/about_mission.php]
23:43:12.891 [INFO ] [duplogger] - Duplicate: [http://wics.ics.uci.edu/xmlrpc.php]
23:43:12.893 [INFO ] [duplogger] - Duplicate: [https://netreg.ics.uci.edu/?state__=wcapp.help%2F%2F1391677052%2F%2F%2F%2F%2F%26b460a3e2678215a1da5fef613d831249&topic=Please%2Blog%2Binto%2Bsystem%3A%2B%2B%26nbsp%3B%26nbsp%3B%26nbsp%3B%26nbsp%3B%26nbsp%3B%26nbsp%3B%26nbsp%3B%26nbsp%3B%26nbsp%3BUsing%2BLDAP%2BAuthentication%2Bwith%2BICS%2BID%2Band%2BPassword]
23:43:12.909 [INFO ] [duplogger] - Duplicate: [http://www.ics.uci.edu/~lab/lab_schedule/schedules/189_files/filelist.xml]
23:43:12.911 [INFO ] [duplogger] - Duplicate: [http://www.ics.uci.edu/computing/policy/]
23:43:12.913 [INFO ] [duplogger] - Duplicate: [http://www.ics.uci.edu/~lab/lab_schedule/schedules/192_files/sheet004.html]
23:43:12.928 [INFO ] [duplogger] - Duplicate: [http://www.ics.uci.edu/~lab/lab_schedule/schedules/192_files/sheet005.html]
23:43:12.937 [INFO ] [duplogger] - Duplicate: [https://www.ics.uci.edu/faculty/centers/]
23:43:12.946 [INFO ] [duplogger] - Duplicate: [https://www.ics.uci.edu/about/about_deanmsg.php]
23:43:12.954 [INFO ] [duplogger] - Duplicate: [http://www.ics.uci.edu/~lab/students/faq.php]
23:43:12.959 [INFO ] [duplogger] - Duplicate: [http://www.ics.uci.edu/~lab/lab_schedule/schedules/192_files/sheet006.html]
23:43:12.968 [INFO ] [duplogger] - Duplicate: [http://www.ics.uci.edu/~lab/lab_schedule/schedules/189_files/sheet002.html]
23:43:12.980 [INFO ] [duplogger] - Duplicate: [http://www.ics.uci.edu/~lab/lab_schedule/schedules/189_files/sheet003.html]
23:43:12.985 [INFO ] [duplogger] - Duplicate: [http://www.ics.uci.edu/~lab/lab_schedule/schedules/192_files/tabstrip.html]
23:43:12.997 [INFO ] [duplogger] - Duplicate: [https://www.ics.uci.edu/faculty/highlights/]
23:43:13.001 [INFO ] [duplogger] - Duplicate: [http://www.ics.uci.edu/~lab/students/unixfiles.php]
23:43:13.005 [INFO ] [duplogger] - Duplicate: [https://www.ics.uci.edu/about/bren/]
23:43:13.028 [INFO ] [duplogger] - Duplicate: [http://www.ics.uci.edu/ugrad/resources/UCIQuarterPlanner.html]
23:43:13.061 [INFO ] [duplogger] - Duplicate: [https://www.ics.uci.edu/grad/]
23:43:13.117 [INFO ] [duplogger] - Duplicate: [https://support.ics.uci.edu/passwd/index.php]
23:43:13.127 [INFO ] [duplogger] - Duplicate: [https://www.ics.uci.edu/grad/admissions/index.php]
23:43:13.206 [INFO ] [duplogger] - Duplicate: [https://www.ics.uci.edu/about/about_factsfigures.php]
23:43:13.218 [INFO ] [duplogger] - Duplicate: [http://www.ics.uci.edu/grad/courses/index.php?department=all&quarter=none]
23:43:13.226 [INFO ] [duplogger] - Duplicate: [http://www.ics.uci.edu/~eli/index_files/filelist.xml]
23:43:13.251 [INFO ] [duplogger] - Duplicate: [http://asterixdb.ics.uci.edu/documentation/index.html]
23:43:13.259 [INFO ] [duplogger] - Duplicate: [https://www.ics.uci.edu/about/brenhall/index.php]
23:43:13.266 [INFO ] [duplogger] - Duplicate: [http://www.ics.uci.edu/%7elab/lab_schedule/]
23:43:13.272 [INFO ] [duplogger] - Duplicate: [https://www.ics.uci.edu/grad/degrees/index.php]
23:43:13.272 [INFO ] [console] - -----------------------------------------------
23:43:13.272 [INFO ] [console] - Starts at Fri Mar 14 23:43:13 PDT 2014
23:43:13.272 [INFO ] [console] - Number of documents: 846
23:43:13.272 [INFO ] [console] - Number of unique words: 204050
23:43:13.272 [INFO ] [console] - -----------------------------------------------
23:43:13.280 [INFO ] [duplogger] - Duplicate: [http://www.ics.uci.edu/computing/contact/index.php]
23:43:13.286 [INFO ] [duplogger] - Duplicate: [https://www.ics.uci.edu/grad/courses/index.php]
23:43:13.304 [INFO ] [duplogger] - Duplicate: [https://www.ics.uci.edu/about/visit/index.php]
23:43:13.307 [INFO ] [duplogger] - Duplicate: [https://www.ics.uci.edu/grad/qa/index.php]
23:43:13.309 [INFO ] [duplogger] - Duplicate: [https://www.ics.uci.edu/about/about_contact.php]
23:43:13.320 [INFO ] [duplogger] - Duplicate: [http://emj.ics.uci.edu/wp-login.php]
23:43:13.326 [INFO ] [duplogger] - Duplicate: [https://www.ics.uci.edu/faculty/area/index.php]
23:43:13.333 [INFO ] [duplogger] - Duplicate: [http://www.ics.uci.edu/%7emjcarey/index.html]
23:43:13.338 [INFO ] [duplogger] - Duplicate: [https://www.ics.uci.edu/grad/policies/index.php]
23:43:13.343 [INFO ] [duplogger] - Duplicate: [http://www.ics.uci.edu/about/search/]
23:43:13.345 [INFO ] [duplogger] - Duplicate: [http://www.ics.uci.edu/%7emjcarey/MJCarey_Professional_Experience.html]
23:43:13.348 [INFO ] [duplogger] - Duplicate: [http://www.ics.uci.edu/%7emjcarey/MJCarey_Publications.html]
23:43:13.353 [INFO ] [duplogger] - Duplicate: [http://www.ics.uci.edu/employment/]
23:43:13.355 [INFO ] [duplogger] - Duplicate: [https://www.ics.uci.edu/grad/sao/index.php]
23:43:13.365 [INFO ] [duplogger] - Duplicate: [http://www.ics.uci.edu/~wmt/ecoRaft/index.html]
23:43:13.373 [INFO ] [duplogger] - Duplicate: [https://www.ics.uci.edu/computing/account/new.php]
23:43:13.376 [INFO ] [duplogger] - Duplicate: [http://www.ics.uci.edu/%7elab/lab_schedule/winter_finals.php]
23:43:13.378 [INFO ] [duplogger] - Duplicate: [https://www.ics.uci.edu/ugrad/]
23:43:13.381 [INFO ] [duplogger] - Duplicate: [http://www.ics.uci.edu/involved/leadership_council.php]
23:43:13.383 [INFO ] [duplogger] - Duplicate: [http://www.ics.uci.edu/%7elab/lab_schedule/schedules/183.html]
23:43:13.385 [INFO ] [duplogger] - Duplicate: [https://www.ics.uci.edu/ugrad/sao/index.php]
23:43:13.390 [INFO ] [duplogger] - Duplicate: [http://www.ics.uci.edu/involved/corporate_partner.php]
23:43:13.393 [INFO ] [duplogger] - Duplicate: [https://www.ics.uci.edu/ugrad/courses/index.php]
23:43:13.394 [INFO ] [duplogger] - Duplicate: [http://www.ics.uci.edu/involved/internship.php]
23:43:13.398 [INFO ] [duplogger] - Duplicate: [http://www.ics.uci.edu/%7elab/lab_schedule/schedules/189.html]
23:43:13.403 [INFO ] [duplogger] - Duplicate: [http://www.ics.uci.edu/%7elab/lab_schedule/schedules/192.html]
23:43:13.404 [INFO ] [duplogger] - Duplicate: [https://www.ics.uci.edu/ugrad/degrees/index.php]
23:43:13.407 [INFO ] [duplogger] - Duplicate: [http://www.ics.uci.edu/~jkhaines/]
23:43:13.410 [INFO ] [duplogger] - Duplicate: [http://www.ics.uci.edu/~lab/proj_ics/]
23:43:13.416 [INFO ] [duplogger] - Duplicate: [http://www.ics.uci.edu/%7elab/proj_ics/policy.php]
23:43:13.419 [INFO ] [duplogger] - Duplicate: [https://www.ics.uci.edu/ugrad/qa/index.php]
23:43:13.422 [INFO ] [duplogger] - Duplicate: [https://www.ics.uci.edu/ugrad/financial/index.php]
23:43:13.422 [INFO ] [duplogger] - Duplicate: [http://vision.ics.uci.edu/index.html]
23:43:13.435 [INFO ] [duplogger] - Duplicate: [http://www.ics.uci.edu/~lab/lab_schedule/schedules/192_files/filelist.xml]
23:43:13.439 [INFO ] [duplogger] - Duplicate: [http://www.ics.uci.edu/~lab/lab_schedule/schedules/192_files/sheet001.html]
23:43:13.441 [INFO ] [duplogger] - Duplicate: [https://www.ics.uci.edu/ugrad/internship/]
23:43:13.445 [INFO ] [duplogger] - Duplicate: [http://www.ics.uci.edu/%7elab/faculties/index.php]
23:43:13.454 [INFO ] [duplogger] - Duplicate: [https://www.ics.uci.edu/ugrad/policies/index.php]
23:43:13.455 [INFO ] [duplogger] - Duplicate: [http://www.ics.uci.edu/~lab/lab_schedule/schedules/192_files/sheet002.html]
23:43:13.458 [INFO ] [duplogger] - Duplicate: [http://www.ics.uci.edu/~irani/]
23:43:13.487 [INFO ] [duplogger] - Duplicate: [http://www.ics.uci.edu/%7elab/policies/index.php]
23:43:13.488 [INFO ] [duplogger] - Duplicate: [https://www.ics.uci.edu/ugrad/life/index.php]
23:43:13.489 [INFO ] [duplogger] - Duplicate: [http://www.ics.uci.edu/~lab/lab_schedule/schedules/192_files/sheet003.html]
23:43:13.501 [INFO ] [duplogger] - Duplicate: [https://www.ics.uci.edu/ugrad/resources/index.php]
23:43:13.504 [INFO ] [duplogger] - Duplicate: [http://www.ics.uci.edu/%7elab/lab_assistants/index.php]
23:43:13.507 [INFO ] [duplogger] - Duplicate: [http://student-council.ics.uci.edu/webjam/xmlrpc.php]
23:43:13.512 [INFO ] [duplogger] - Duplicate: [http://www.ics.uci.edu/%7elab/proj_ics/index.php]
23:43:13.512 [INFO ] [duplogger] - Duplicate: [http://www.ics.uci.edu/~ndigiuse/]
23:43:13.512 [INFO ] [duplogger] - Duplicate: [http://www.ics.uci.edu/~pattis/ICS-33/index.html]
23:43:13.520 [INFO ] [duplogger] - Duplicate: [https://www.ics.uci.edu/faculty/]
23:43:13.525 [INFO ] [duplogger] - Duplicate: [http://www.ics.uci.edu/faculty/index.php]
23:43:13.528 [INFO ] [duplogger] - Duplicate: [http://www.ics.uci.edu/~pattis/ICS-46/index.html]
23:43:13.531 [INFO ] [duplogger] - Duplicate: [https://www.ics.uci.edu/about/search/index.php]
23:43:13.532 [INFO ] [duplogger] - Duplicate: [http://www.ics.uci.edu/~shirano/]
23:43:13.532 [INFO ] [duplogger] - Duplicate: [http://www.ics.uci.edu/~mmazmani/]
23:43:13.533 [INFO ] [duplogger] - Duplicate: [http://student-council.ics.uci.edu/webjam/wp-includes/wlwmanifest.xml]
23:43:13.567 [INFO ] [duplogger] - Duplicate: [http://www.ics.uci.edu/~wbiesing/?C=N%3BO%3DD]
23:43:13.569 [INFO ] [duplogger] - Duplicate: [http://www.ics.uci.edu/~wbiesing/?C=M%3BO%3DA]
23:43:13.578 [INFO ] [duplogger] - Duplicate: [http://www.ics.uci.edu/~dbkeator/]
23:43:13.580 [INFO ] [duplogger] - Duplicate: [http://www.ics.uci.edu/~wbiesing/?C=S%3BO%3DA]
23:43:13.581 [INFO ] [duplogger] - Duplicate: [http://www.ics.uci.edu/~knakayam/index.html]
23:43:13.581 [INFO ] [duplogger] - Duplicate: [http://www.ics.uci.edu/~wbiesing/?C=D%3BO%3DA]
23:43:13.587 [INFO ] [duplogger] - Duplicate: [http://www.ics.uci.edu/~yhong5/?C=N%3BO%3DD]
23:43:13.613 [INFO ] [duplogger] - Duplicate: [http://www.ics.uci.edu/~kroher/]
23:43:13.614 [INFO ] [duplogger] - Duplicate: [http://www.ics.uci.edu/~msadri/]
23:43:13.618 [INFO ] [duplogger] - Duplicate: [http://www.ics.uci.edu/~yhong5/?C=M%3BO%3DA]
23:43:13.624 [INFO ] [duplogger] - Duplicate: [http://www.ics.uci.edu/~mabbaspo/index.html]
23:43:13.635 [INFO ] [duplogger] - Duplicate: [http://www.ics.uci.edu/~yhong5/?C=S%3BO%3DA]
23:43:13.636 [INFO ] [duplogger] - Duplicate: [http://www.ics.uci.edu/~jhbrock/index.html]
23:43:13.714 [INFO ] [duplogger] - Duplicate: [http://www.ics.uci.edu/~yhong5/?C=D%3BO%3DA]
23:43:13.716 [INFO ] [duplogger] - Duplicate: [http://www.ics.uci.edu/~mirzaeib/?C=N%3BO%3DD]
23:43:13.717 [INFO ] [duplogger] - Duplicate: [http://www.ics.uci.edu/~stewarm1/]
23:43:13.809 [INFO ] [duplogger] - Duplicate: [http://www.ics.uci.edu/involved/tech_talk.php]
23:43:13.810 [INFO ] [duplogger] - Duplicate: [http://www.ics.uci.edu/involved/information_session.php]
23:43:13.811 [INFO ] [duplogger] - Duplicate: [http://www.ics.uci.edu/~cloder/]
23:43:13.812 [INFO ] [duplogger] - Duplicate: [http://luci.ics.uci.edu/LUCIinterface.html]
23:43:13.815 [INFO ] [duplogger] - Duplicate: [http://www.ics.uci.edu/~zhaoxia/index_files/colorschememapping.xml]
23:43:13.816 [INFO ] [duplogger] - Duplicate: [http://www.ics.uci.edu/~mirzaeib/?C=M%3BO%3DA]
23:43:13.820 [INFO ] [duplogger] - Duplicate: [http://www.ics.uci.edu/involved/project_class.php]
23:43:13.828 [INFO ] [duplogger] - Duplicate: [http://www.ics.uci.edu/~mirzaeib/?C=S%3BO%3DA]
23:43:13.832 [INFO ] [duplogger] - Duplicate: [http://www.ics.uci.edu/~mirzaeib/?C=D%3BO%3DA]
23:43:13.836 [INFO ] [duplogger] - Duplicate: [http://www.ics.uci.edu/~yiw/]
23:43:13.837 [INFO ] [duplogger] - Duplicate: [http://www.ics.uci.edu/~stauro/?C=N%3BO%3DD]
23:43:13.838 [INFO ] [duplogger] - Duplicate: [http://www.ics.uci.edu/~shihcl/?C=N%3BO%3DD]
23:43:13.846 [INFO ] [duplogger] - Duplicate: [http://www.ics.uci.edu/~shihcl/?C=M%3BO%3DA]
23:43:13.847 [INFO ] [duplogger] - Duplicate: [http://www.ics.uci.edu/~stauro/?C=M%3BO%3DA]
23:43:13.847 [INFO ] [duplogger] - Duplicate: [http://www.ics.uci.edu/~andre/index.html]
23:43:13.851 [INFO ] [duplogger] - Duplicate: [http://www.ics.uci.edu/~jajones/]
23:43:13.859 [INFO ] [duplogger] - Duplicate: [http://www.ics.uci.edu/~shihcl/?C=S%3BO%3DA]
23:43:13.859 [INFO ] [duplogger] - Duplicate: [http://www.ics.uci.edu/~stauro/?C=S%3BO%3DA]
23:43:13.861 [INFO ] [duplogger] - Duplicate: [http://www.ics.uci.edu/~yil8/?C=N%3BO%3DD]
23:43:13.866 [INFO ] [duplogger] - Duplicate: [http://www.ics.uci.edu/~yil8/?C=M%3BO%3DA]
23:43:13.868 [INFO ] [duplogger] - Duplicate: [http://www.ics.uci.edu/~jmpalomo/]
23:43:13.869 [INFO ] [duplogger] - Duplicate: [http://www.ics.uci.edu/~yil8/?C=S%3BO%3DA]
23:43:13.869 [INFO ] [duplogger] - Duplicate: [http://www.ics.uci.edu/~fservant/]
23:43:13.872 [INFO ] [duplogger] - Duplicate: [http://www.ics.uci.edu/~stauro/?C=D%3BO%3DA]
23:43:13.872 [INFO ] [duplogger] - Duplicate: [http://www.ics.uci.edu/~shihcl/?C=D%3BO%3DA]
23:43:13.884 [INFO ] [duplogger] - Duplicate: [http://www.ics.uci.edu/~yil8/?C=D%3BO%3DA]
23:43:13.886 [INFO ] [duplogger] - Duplicate: [http://www.ics.uci.edu/~vishalrp/]
23:43:13.899 [INFO ] [duplogger] - Duplicate: [http://www.ics.uci.edu/~jskramer/?C=N%3BO%3DD]
23:43:13.906 [INFO ] [duplogger] - Duplicate: [http://www.ics.uci.edu/~staceyah/index.html]
23:43:13.914 [INFO ] [duplogger] - Duplicate: [http://www.ics.uci.edu/~jskramer/?C=M%3BO%3DA]
23:43:13.941 [INFO ] [duplogger] - Duplicate: [http://www.ics.uci.edu/~jskramer/?C=S%3BO%3DA]
23:43:13.943 [INFO ] [duplogger] - Duplicate: [http://www.ics.uci.edu/~xpage/index.html]
23:43:13.944 [INFO ] [duplogger] - Duplicate: [http://www.ics.uci.edu/~ltrott/]
23:43:13.954 [INFO ] [duplogger] - Duplicate: [http://www.ics.uci.edu/~pattis/ICS-33/]
23:43:13.955 [INFO ] [duplogger] - Duplicate: [http://www.ics.uci.edu/~sjordan/index.html]
23:43:13.956 [INFO ] [duplogger] - Duplicate: [http://www.ics.uci.edu/~jskramer/?C=D%3BO%3DA]
23:43:13.963 [INFO ] [duplogger] - Duplicate: [http://www.ics.uci.edu/~dakuow1/index.html]
23:43:13.976 [INFO ] [duplogger] - Duplicate: [http://www.ics.uci.edu/~minsikc/?C=N%3BO%3DD]
23:43:13.978 [INFO ] [duplogger] - Duplicate: [http://www.ics.uci.edu/~vishalrp/wordle.html]
23:43:13.982 [INFO ] [duplogger] - Duplicate: [https://elnino.ics.uci.edu/index.php?state__=wcapp.help%2F%2F1391677239%2F%2F%2F%2F%2F%26e4591992db8e954dbe75daa64ad7b990&topic=Please%2Blog%2Binto%2Bsystem%3A%2B%2B%26nbsp%3B%26nbsp%3B%26nbsp%3B%26nbsp%3B%26nbsp%3B%26nbsp%3B%26nbsp%3B%26nbsp%3B%26nbsp%3BUsing%2BLDAP%2BAuthentication%2Bwith%2BICS%2BID%2Band%2BPassword]
23:43:13.985 [INFO ] [duplogger] - Duplicate: [http://asterixdb.ics.uci.edu/fuzzyjoin/]
23:43:13.986 [INFO ] [duplogger] - Duplicate: [http://www.ics.uci.edu/~jiachenf/index.html]
23:43:13.987 [INFO ] [duplogger] - Duplicate: [http://www.ics.uci.edu/~minsikc/?C=M%3BO%3DA]
23:43:13.992 [INFO ] [duplogger] - Duplicate: [http://ironwood.ics.uci.edu/start?rev=1390523006]
23:43:13.995 [INFO ] [duplogger] - Duplicate: [http://ironwood.ics.uci.edu/start?do=index]
23:43:13.996 [INFO ] [duplogger] - Duplicate: [http://www.ics.uci.edu/~minsikc/?C=S%3BO%3DA]
23:43:14.003 [INFO ] [duplogger] - Duplicate: [http://www.ics.uci.edu/~ssalehia/index.html]
23:43:14.007 [INFO ] [duplogger] - Duplicate: [http://www.ics.uci.edu/~daliz/?C=N%3BO%3DD]
23:43:14.007 [INFO ] [duplogger] - Duplicate: [http://www.ics.uci.edu/~minsikc/?C=D%3BO%3DA]
23:43:14.021 [INFO ] [duplogger] - Duplicate: [http://www.ics.uci.edu/~bic/index_files/filelist.xml]
23:43:14.029 [INFO ] [duplogger] - Duplicate: [https://asterixdb.ics.uci.edu/]
23:43:14.032 [INFO ] [duplogger] - Duplicate: [http://ironwood.ics.uci.edu/start]
23:43:14.034 [INFO ] [duplogger] - Duplicate: [http://www.ics.uci.edu/~daliz/?C=M%3BO%3DA]
23:43:14.038 [INFO ] [duplogger] - Duplicate: [https://asterix.ics.uci.edu/]
23:43:14.041 [INFO ] [duplogger] - Duplicate: [http://www.ics.uci.edu/~daliz/?C=S%3BO%3DA]
23:43:14.050 [INFO ] [duplogger] - Duplicate: [http://www.ics.uci.edu/~daliz/?C=D%3BO%3DA]
23:43:14.056 [INFO ] [duplogger] - Duplicate: [http://www.ics.uci.edu/~bic/index_files/colorschememapping.xml]
23:43:14.059 [INFO ] [duplogger] - Duplicate: [http://www.ics.uci.edu/~nalini/]
23:43:14.069 [INFO ] [duplogger] - Duplicate: [http://www.ics.uci.edu/~mrahmati/index_files/filelist.xml]
23:43:14.071 [INFO ] [duplogger] - Duplicate: [http://www.ics.uci.edu/~yubok/index.html]
23:43:14.077 [INFO ] [duplogger] - Duplicate: [http://www.ics.uci.edu/~irani/s11_22/22.html]
23:43:14.077 [INFO ] [duplogger] - Duplicate: [http://www.ics.uci.edu/~mrahmati/index_files/themedata.thmx]
23:43:14.088 [INFO ] [duplogger] - Duplicate: [http://www.ics.uci.edu/~jnnorton/?C=N%3BO%3DD]
23:43:14.089 [INFO ] [duplogger] - Duplicate: [http://www.ics.uci.edu/~mrahmati/index_files/colorschememapping.xml]
23:43:14.119 [INFO ] [duplogger] - Duplicate: [http://www.ics.uci.edu/~lboyles/index.html]
23:43:14.140 [INFO ] [duplogger] - Duplicate: [http://www.ics.uci.edu/~jnnorton/?C=M%3BO%3DA]
23:43:14.154 [INFO ] [duplogger] - Duplicate: [http://www.ics.uci.edu/~kmanivan/index.html]
23:43:14.159 [INFO ] [duplogger] - Duplicate: [http://www.ics.uci.edu/~lopes/teaching/cs221W12/]
23:43:14.174 [INFO ] [duplogger] - Duplicate: [http://www.ics.uci.edu/~jnnorton/?C=S%3BO%3DA]
23:43:14.184 [INFO ] [duplogger] - Duplicate: [http://www.ics.uci.edu/~pouria/]
23:43:14.289 [INFO ] [duplogger] - Duplicate: [http://www.ics.uci.edu/~jnnorton/?C=D%3BO%3DA]
23:43:14.327 [INFO ] [duplogger] - Duplicate: [http://www.ics.uci.edu/~yunh/index.html]
23:43:14.374 [INFO ] [duplogger] - Duplicate: [http://www.ics.uci.edu/~dhegab/index.html]
23:43:14.392 [INFO ] [duplogger] - Duplicate: [http://www.ics.uci.edu/~mshelton/index.html]
23:43:14.472 [INFO ] [duplogger] - Duplicate: [http://www.ics.uci.edu/~echeniqa/index.htm]
23:43:14.497 [INFO ] [duplogger] - Duplicate: [http://www.ics.uci.edu/~kibler/ics171/homeworks/?C=D%3BO%3DA]
23:43:14.498 [INFO ] [duplogger] - Duplicate: [http://www.ics.uci.edu/~cs122a/]
23:43:14.502 [INFO ] [duplogger] - Duplicate: [http://www.ics.uci.edu/~cs122b/]
23:43:14.572 [INFO ] [duplogger] - Duplicate: [http://www.ics.uci.edu/~vgunes/index.htm]
23:43:14.626 [INFO ] [duplogger] - Duplicate: [http://www.ics.uci.edu/~kay/labtutors/]
23:43:14.634 [INFO ] [duplogger] - Duplicate: [http://www.ics.uci.edu/~gbowker/pubs.htm]
23:43:14.650 [INFO ] [duplogger] - Duplicate: [http://cert.ics.uci.edu/SAFIRE/index.html]
23:43:14.654 [INFO ] [duplogger] - Duplicate: [http://www.ics.uci.edu/~ziv/ooad/intro_to_se/sld006.htm]
23:43:14.703 [INFO ] [duplogger] - Duplicate: [http://www.ics.uci.edu/~cs237/]
23:43:14.705 [INFO ] [duplogger] - Duplicate: [http://www.ics.uci.edu/~ziv/ooad/intro_to_se/sld007.htm]
23:43:14.721 [INFO ] [duplogger] - Duplicate: [http://www.ics.uci.edu/~ziv/ooad/intro_to_se/sld008.htm]
23:43:14.748 [INFO ] [duplogger] - Duplicate: [http://www.ics.uci.edu/~ziv/ooad/intro_to_se/sld009.htm]
23:43:14.763 [INFO ] [duplogger] - Duplicate: [http://www.ics.uci.edu/~ziv/ooad/intro_to_se/sld010.htm]
23:43:14.767 [INFO ] [duplogger] - Duplicate: [http://www.ics.uci.edu/~mkhademi/index.html]
23:43:14.799 [INFO ] [duplogger] - Duplicate: [http://www.ics.uci.edu/~ziv/ooad/intro_to_se/sld011.htm]
23:43:14.843 [INFO ] [duplogger] - Duplicate: [http://www.ics.uci.edu/~ziv/ooad/intro_to_se/sld012.htm]
23:43:14.874 [INFO ] [duplogger] - Duplicate: [http://www.ics.uci.edu/~yuey6/index.html]
23:43:14.875 [INFO ] [duplogger] - Duplicate: [https://timesheet.ics.uci.edu/index.php?state__=wcapp.help%2F%2F1391677385%2F%2F%2F%2F%2F%26715e48975123d54313e7c4374c660fde&topic=%3CBIG%3EPlease%2Blogin%21%3C%2FBIG%3E%0A]
23:43:14.877 [INFO ] [console] - -----------------------------------------------
23:43:14.877 [INFO ] [console] - Starts at Fri Mar 14 23:43:14 PDT 2014
23:43:14.877 [INFO ] [console] - Number of documents: 1681
23:43:14.877 [INFO ] [console] - Number of unique words: 461842
23:43:14.877 [INFO ] [console] - -----------------------------------------------
23:43:14.877 [INFO ] [console] - Preparing index...
23:43:15.662 [INFO ] [console] - Index has been prepared.
23:43:16.663 [INFO ] [console] - -----------------------------------------------
23:43:16.663 [INFO ] [console] - Starts at Fri Mar 14 23:43:16 PDT 2014
23:43:16.663 [INFO ] [console] - Number of documents: 1681
23:43:16.663 [INFO ] [console] - Number of unique words: 461842
23:43:16.663 [INFO ] [console] - -----------------------------------------------
23:43:16.663 [INFO ] [console] - Storing index to index.arm...
23:43:16.678 [INFO ] [console] - Storing Lexicon...
23:43:20.648 [INFO ] [console] - Storing Document Index...
23:43:20.718 [INFO ] [console] - Storing Term Index...
23:43:30.966 [INFO ] [console] - Index has been saved.
